{"/Users/arrowoode/Documents/Projects/harperdb-connect/harperdb-connect.js": {"path":"/Users/arrowoode/Documents/Projects/harperdb-connect/harperdb-connect.js","statementMap":{"0":{"start":{"line":1,"column":11},"end":{"line":1,"column":44}},"1":{"start":{"line":3,"column":0},"end":{"line":89,"column":1}},"2":{"start":{"line":5,"column":4},"end":{"line":5,"column":34}},"3":{"start":{"line":6,"column":4},"end":{"line":6,"column":28}},"4":{"start":{"line":7,"column":4},"end":{"line":7,"column":21}},"5":{"start":{"line":9,"column":4},"end":{"line":9,"column":45}},"6":{"start":{"line":11,"column":4},"end":{"line":21,"column":5}},"7":{"start":{"line":12,"column":6},"end":{"line":20,"column":8}},"8":{"start":{"line":13,"column":8},"end":{"line":19,"column":9}},"9":{"start":{"line":14,"column":23},"end":{"line":14,"column":46}},"10":{"start":{"line":15,"column":10},"end":{"line":15,"column":33}},"11":{"start":{"line":16,"column":10},"end":{"line":16,"column":23}},"12":{"start":{"line":18,"column":10},"end":{"line":18,"column":56}},"13":{"start":{"line":26,"column":4},"end":{"line":29,"column":72}},"14":{"start":{"line":27,"column":6},"end":{"line":27,"column":70}},"15":{"start":{"line":28,"column":9},"end":{"line":29,"column":72}},"16":{"start":{"line":29,"column":6},"end":{"line":29,"column":72}},"17":{"start":{"line":31,"column":4},"end":{"line":33,"column":26}},"18":{"start":{"line":37,"column":4},"end":{"line":38,"column":67}},"19":{"start":{"line":38,"column":6},"end":{"line":38,"column":67}},"20":{"start":{"line":40,"column":4},"end":{"line":43,"column":5}},"21":{"start":{"line":47,"column":4},"end":{"line":48,"column":63}},"22":{"start":{"line":48,"column":6},"end":{"line":48,"column":63}},"23":{"start":{"line":49,"column":4},"end":{"line":50,"column":80}},"24":{"start":{"line":50,"column":6},"end":{"line":50,"column":80}},"25":{"start":{"line":52,"column":4},"end":{"line":68,"column":6}},"26":{"start":{"line":53,"column":6},"end":{"line":67,"column":39}},"27":{"start":{"line":64,"column":10},"end":{"line":64,"column":33}},"28":{"start":{"line":65,"column":10},"end":{"line":65,"column":22}},"29":{"start":{"line":67,"column":22},"end":{"line":67,"column":38}},"30":{"start":{"line":72,"column":4},"end":{"line":73,"column":74}},"31":{"start":{"line":73,"column":6},"end":{"line":73,"column":74}},"32":{"start":{"line":75,"column":4},"end":{"line":87,"column":6}},"33":{"start":{"line":76,"column":6},"end":{"line":78,"column":7}},"34":{"start":{"line":77,"column":8},"end":{"line":77,"column":53}},"35":{"start":{"line":80,"column":30},"end":{"line":83,"column":31}},"36":{"start":{"line":84,"column":6},"end":{"line":86,"column":38}},"37":{"start":{"line":85,"column":21},"end":{"line":85,"column":33}},"38":{"start":{"line":86,"column":24},"end":{"line":86,"column":37}}},"fnMap":{"0":{"name":"(anonymous_0)","decl":{"start":{"line":4,"column":2},"end":{"line":4,"column":3}},"loc":{"start":{"line":4,"column":39},"end":{"line":23,"column":3}},"line":4},"1":{"name":"(anonymous_1)","decl":{"start":{"line":12,"column":25},"end":{"line":12,"column":26}},"loc":{"start":{"line":12,"column":52},"end":{"line":20,"column":7}},"line":12},"2":{"name":"(anonymous_2)","decl":{"start":{"line":25,"column":2},"end":{"line":25,"column":3}},"loc":{"start":{"line":25,"column":39},"end":{"line":34,"column":3}},"line":25},"3":{"name":"(anonymous_3)","decl":{"start":{"line":36,"column":2},"end":{"line":36,"column":3}},"loc":{"start":{"line":36,"column":29},"end":{"line":44,"column":3}},"line":36},"4":{"name":"(anonymous_4)","decl":{"start":{"line":46,"column":2},"end":{"line":46,"column":3}},"loc":{"start":{"line":46,"column":34},"end":{"line":69,"column":3}},"line":46},"5":{"name":"(anonymous_5)","decl":{"start":{"line":52,"column":23},"end":{"line":52,"column":24}},"loc":{"start":{"line":52,"column":44},"end":{"line":68,"column":5}},"line":52},"6":{"name":"(anonymous_6)","decl":{"start":{"line":63,"column":14},"end":{"line":63,"column":15}},"loc":{"start":{"line":63,"column":21},"end":{"line":66,"column":9}},"line":63},"7":{"name":"(anonymous_7)","decl":{"start":{"line":67,"column":15},"end":{"line":67,"column":16}},"loc":{"start":{"line":67,"column":22},"end":{"line":67,"column":38}},"line":67},"8":{"name":"(anonymous_8)","decl":{"start":{"line":71,"column":2},"end":{"line":71,"column":3}},"loc":{"start":{"line":71,"column":45},"end":{"line":88,"column":3}},"line":71},"9":{"name":"(anonymous_9)","decl":{"start":{"line":75,"column":23},"end":{"line":75,"column":24}},"loc":{"start":{"line":75,"column":44},"end":{"line":87,"column":5}},"line":75},"10":{"name":"(anonymous_10)","decl":{"start":{"line":85,"column":14},"end":{"line":85,"column":15}},"loc":{"start":{"line":85,"column":21},"end":{"line":85,"column":33}},"line":85},"11":{"name":"(anonymous_11)","decl":{"start":{"line":86,"column":15},"end":{"line":86,"column":16}},"loc":{"start":{"line":86,"column":24},"end":{"line":86,"column":37}},"line":86}},"branchMap":{"0":{"loc":{"start":{"line":11,"column":4},"end":{"line":21,"column":5}},"type":"if","locations":[{"start":{"line":11,"column":4},"end":{"line":21,"column":5}},{"start":{"line":11,"column":4},"end":{"line":21,"column":5}}],"line":11},"1":{"loc":{"start":{"line":26,"column":4},"end":{"line":29,"column":72}},"type":"if","locations":[{"start":{"line":26,"column":4},"end":{"line":29,"column":72}},{"start":{"line":26,"column":4},"end":{"line":29,"column":72}}],"line":26},"2":{"loc":{"start":{"line":26,"column":8},"end":{"line":26,"column":68}},"type":"binary-expr","locations":[{"start":{"line":26,"column":8},"end":{"line":26,"column":36}},{"start":{"line":26,"column":40},"end":{"line":26,"column":68}}],"line":26},"3":{"loc":{"start":{"line":28,"column":9},"end":{"line":29,"column":72}},"type":"if","locations":[{"start":{"line":28,"column":9},"end":{"line":29,"column":72}},{"start":{"line":28,"column":9},"end":{"line":29,"column":72}}],"line":28},"4":{"loc":{"start":{"line":28,"column":13},"end":{"line":28,"column":59}},"type":"binary-expr","locations":[{"start":{"line":28,"column":13},"end":{"line":28,"column":34}},{"start":{"line":28,"column":38},"end":{"line":28,"column":59}}],"line":28},"5":{"loc":{"start":{"line":37,"column":4},"end":{"line":38,"column":67}},"type":"if","locations":[{"start":{"line":37,"column":4},"end":{"line":38,"column":67}},{"start":{"line":37,"column":4},"end":{"line":38,"column":67}}],"line":37},"6":{"loc":{"start":{"line":46,"column":10},"end":{"line":46,"column":32}},"type":"default-arg","locations":[{"start":{"line":46,"column":16},"end":{"line":46,"column":32}}],"line":46},"7":{"loc":{"start":{"line":47,"column":4},"end":{"line":48,"column":63}},"type":"if","locations":[{"start":{"line":47,"column":4},"end":{"line":48,"column":63}},{"start":{"line":47,"column":4},"end":{"line":48,"column":63}}],"line":47},"8":{"loc":{"start":{"line":49,"column":4},"end":{"line":50,"column":80}},"type":"if","locations":[{"start":{"line":49,"column":4},"end":{"line":50,"column":80}},{"start":{"line":49,"column":4},"end":{"line":50,"column":80}}],"line":49},"9":{"loc":{"start":{"line":71,"column":26},"end":{"line":71,"column":43}},"type":"default-arg","locations":[{"start":{"line":71,"column":39},"end":{"line":71,"column":43}}],"line":71},"10":{"loc":{"start":{"line":72,"column":4},"end":{"line":73,"column":74}},"type":"if","locations":[{"start":{"line":72,"column":4},"end":{"line":73,"column":74}},{"start":{"line":72,"column":4},"end":{"line":73,"column":74}}],"line":72},"11":{"loc":{"start":{"line":76,"column":6},"end":{"line":78,"column":7}},"type":"if","locations":[{"start":{"line":76,"column":6},"end":{"line":78,"column":7}},{"start":{"line":76,"column":6},"end":{"line":78,"column":7}}],"line":76},"12":{"loc":{"start":{"line":80,"column":30},"end":{"line":83,"column":31}},"type":"cond-expr","locations":[{"start":{"line":80,"column":43},"end":{"line":83,"column":7}},{"start":{"line":83,"column":10},"end":{"line":83,"column":31}}],"line":80}},"s":{"0":1,"1":1,"2":3,"3":3,"4":3,"5":3,"6":3,"7":2,"8":2,"9":2,"10":2,"11":2,"12":0,"13":3,"14":0,"15":3,"16":0,"17":3,"18":0,"19":0,"20":0,"21":2,"22":0,"23":2,"24":0,"25":2,"26":2,"27":2,"28":2,"29":0,"30":1,"31":0,"32":1,"33":1,"34":0,"35":1,"36":1,"37":1,"38":0},"f":{"0":3,"1":2,"2":3,"3":0,"4":2,"5":2,"6":2,"7":0,"8":1,"9":1,"10":1,"11":0},"b":{"0":[2,1],"1":[0,3],"2":[3,0],"3":[0,3],"4":[3,0],"5":[0,0],"6":[0],"7":[0,2],"8":[0,2],"9":[0],"10":[0,1],"11":[0,1],"12":[0,1]},"_coverageSchema":"332fd63041d2c1bcb487cc26dd0d5f7d97098a6c","hash":"79abd2d78b5e804c3f5bbc834d316fb0088317c8"}
}
