TN:
SF:/Users/arrowoode/Documents/Projects/harperdb-connect/harperdb-connect.js
FN:4,(anonymous_0)
FN:12,(anonymous_1)
FN:25,(anonymous_2)
FN:36,(anonymous_3)
FN:46,(anonymous_4)
FN:52,(anonymous_5)
FN:63,(anonymous_6)
FN:67,(anonymous_7)
FN:71,(anonymous_8)
FN:75,(anonymous_9)
FN:85,(anonymous_10)
FN:86,(anonymous_11)
FNF:12
FNH:9
FNDA:3,(anonymous_0)
FNDA:2,(anonymous_1)
FNDA:3,(anonymous_2)
FNDA:0,(anonymous_3)
FNDA:2,(anonymous_4)
FNDA:2,(anonymous_5)
FNDA:2,(anonymous_6)
FNDA:0,(anonymous_7)
FNDA:1,(anonymous_8)
FNDA:1,(anonymous_9)
FNDA:1,(anonymous_10)
FNDA:0,(anonymous_11)
DA:1,1
DA:3,1
DA:5,3
DA:6,3
DA:7,3
DA:9,3
DA:11,3
DA:12,2
DA:13,2
DA:14,2
DA:15,2
DA:16,2
DA:18,0
DA:26,3
DA:27,0
DA:28,3
DA:29,0
DA:31,3
DA:37,0
DA:38,0
DA:40,0
DA:47,2
DA:48,0
DA:49,2
DA:50,0
DA:52,2
DA:53,2
DA:64,2
DA:65,2
DA:67,0
DA:72,1
DA:73,0
DA:75,1
DA:76,1
DA:77,0
DA:80,1
DA:84,1
DA:85,1
DA:86,0
LF:39
LH:27
BRDA:11,0,0,2
BRDA:11,0,1,1
BRDA:26,1,0,0
BRDA:26,1,1,3
BRDA:26,2,0,3
BRDA:26,2,1,0
BRDA:28,3,0,0
BRDA:28,3,1,3
BRDA:28,4,0,3
BRDA:28,4,1,0
BRDA:37,5,0,0
BRDA:37,5,1,0
BRDA:46,6,0,0
BRDA:47,7,0,0
BRDA:47,7,1,2
BRDA:49,8,0,0
BRDA:49,8,1,2
BRDA:71,9,0,0
BRDA:72,10,0,0
BRDA:72,10,1,1
BRDA:76,11,0,0
BRDA:76,11,1,1
BRDA:80,12,0,0
BRDA:80,12,1,1
BRF:24
BRH:11
end_of_record
